app/build/intermediates/manifest_merge_blame_file/release/manifest-merger-blame-release-report.txt
1<?xml version="1.0" encoding="utf-8"?>
2<manifest xmlns:android="http://schemas.android.com/apk/res/android"
3    package="com.bangla.keyboard.bangla.stickers"
4    android:versionCode="1"
5    android:versionName="1.0" >
6
7    <uses-sdk
8        android:minSdkVersion="23"
8-->src\main\AndroidManifest.xml
9        android:targetSdkVersion="32" />
9-->src\main\AndroidManifest.xml
10
11    <queries>
11-->src\main\AndroidManifest.xml:6:5-10:15
12        <intent>
12-->src\main\AndroidManifest.xml:7:9-9:18
13            <action android:name="android.intent.action.TTS_SERVICE" />
13-->src\main\AndroidManifest.xml:8:13-72
13-->src\main\AndroidManifest.xml:8:21-69
14        </intent>
15    </queries>
16
17    <uses-permission android:name="android.permission.ACCESS_NETWORK_STATE" />
17-->src\main\AndroidManifest.xml:12:5-79
17-->src\main\AndroidManifest.xml:12:22-76
18    <uses-permission android:name="android.permission.INTERNET" />
18-->src\main\AndroidManifest.xml:13:5-67
18-->src\main\AndroidManifest.xml:13:22-64
19    <uses-permission android:name="android.permission.RECORD_AUDIO" />
19-->src\main\AndroidManifest.xml:14:5-71
19-->src\main\AndroidManifest.xml:14:22-68
20    <uses-permission android:name="android.permission.VIBRATE" />
20-->src\main\AndroidManifest.xml:15:5-66
20-->src\main\AndroidManifest.xml:15:22-63
21
22    <!-- Create a unique permission for your app and use it so only your app can receive your OneSignal messages. -->
23    <permission
23-->[com.onesignal:OneSignal:4.8.6] AndroidManifest.xml:7:5-9:47
24        android:name="com.bangla.keyboard.bangla.stickers.permission.C2D_MESSAGE"
24-->[com.onesignal:OneSignal:4.8.6] AndroidManifest.xml:8:9-63
25        android:protectionLevel="signature" />
25-->[com.onesignal:OneSignal:4.8.6] AndroidManifest.xml:9:9-44
26
27    <uses-permission android:name="com.bangla.keyboard.bangla.stickers.permission.C2D_MESSAGE" /> <!-- OneSignal SDK has runtime checks Android version. -->
27-->[com.onesignal:OneSignal:4.8.6] AndroidManifest.xml:11:5-79
27-->[com.onesignal:OneSignal:4.8.6] AndroidManifest.xml:11:22-76
28    <!-- <uses-sdk tools:overrideLibrary="android.support.customtabs"/> -->
29    <!-- Required runtime permission to display notifications on Android 13 -->
30    <uses-permission android:name="android.permission.POST_NOTIFICATIONS" /> <!-- c2dm RECEIVE are basic requirements for push messages through Google's FCM -->
30-->[com.onesignal:OneSignal:4.8.6] AndroidManifest.xml:16:5-77
30-->[com.onesignal:OneSignal:4.8.6] AndroidManifest.xml:16:22-74
31    <uses-permission android:name="com.google.android.c2dm.permission.RECEIVE" /> <!-- Required, makes sure notifications are delivered on time. -->
31-->[com.onesignal:OneSignal:4.8.6] AndroidManifest.xml:18:5-82
31-->[com.onesignal:OneSignal:4.8.6] AndroidManifest.xml:18:22-79
32    <uses-permission android:name="android.permission.WAKE_LOCK" />
32-->[com.onesignal:OneSignal:4.8.6] AndroidManifest.xml:19:5-68
32-->[com.onesignal:OneSignal:4.8.6] AndroidManifest.xml:19:22-65
33    <!--
34 Use to restore notifications the user hasn't interacted with.
35         They could be missed notifications if the user reboots their device if this isn't in place.
36    -->
37    <uses-permission android:name="android.permission.RECEIVE_BOOT_COMPLETED" /> <!-- START: ShortcutBadger -->
37-->[com.onesignal:OneSignal:4.8.6] AndroidManifest.xml:30:5-81
37-->[com.onesignal:OneSignal:4.8.6] AndroidManifest.xml:30:22-78
38    <!-- Samsung -->
39    <uses-permission android:name="com.sec.android.provider.badge.permission.READ" />
39-->[com.onesignal:OneSignal:4.8.6] AndroidManifest.xml:32:5-86
39-->[com.onesignal:OneSignal:4.8.6] AndroidManifest.xml:32:22-83
40    <uses-permission android:name="com.sec.android.provider.badge.permission.WRITE" /> <!-- HTC -->
40-->[com.onesignal:OneSignal:4.8.6] AndroidManifest.xml:33:5-87
40-->[com.onesignal:OneSignal:4.8.6] AndroidManifest.xml:33:22-84
41    <uses-permission android:name="com.htc.launcher.permission.READ_SETTINGS" />
41-->[com.onesignal:OneSignal:4.8.6] AndroidManifest.xml:34:5-81
41-->[com.onesignal:OneSignal:4.8.6] AndroidManifest.xml:34:22-78
42    <uses-permission android:name="com.htc.launcher.permission.UPDATE_SHORTCUT" /> <!-- Sony -->
42-->[com.onesignal:OneSignal:4.8.6] AndroidManifest.xml:35:5-83
42-->[com.onesignal:OneSignal:4.8.6] AndroidManifest.xml:35:22-80
43    <uses-permission android:name="com.sonyericsson.home.permission.BROADCAST_BADGE" />
43-->[com.onesignal:OneSignal:4.8.6] AndroidManifest.xml:36:5-88
43-->[com.onesignal:OneSignal:4.8.6] AndroidManifest.xml:36:22-85
44    <uses-permission android:name="com.sonymobile.home.permission.PROVIDER_INSERT_BADGE" /> <!-- Apex -->
44-->[com.onesignal:OneSignal:4.8.6] AndroidManifest.xml:37:5-92
44-->[com.onesignal:OneSignal:4.8.6] AndroidManifest.xml:37:22-89
45    <uses-permission android:name="com.anddoes.launcher.permission.UPDATE_COUNT" /> <!-- Solid -->
45-->[com.onesignal:OneSignal:4.8.6] AndroidManifest.xml:38:5-84
45-->[com.onesignal:OneSignal:4.8.6] AndroidManifest.xml:38:22-81
46    <uses-permission android:name="com.majeur.launcher.permission.UPDATE_BADGE" /> <!-- Huawei -->
46-->[com.onesignal:OneSignal:4.8.6] AndroidManifest.xml:39:5-83
46-->[com.onesignal:OneSignal:4.8.6] AndroidManifest.xml:39:22-80
47    <uses-permission android:name="com.huawei.android.launcher.permission.CHANGE_BADGE" />
47-->[com.onesignal:OneSignal:4.8.6] AndroidManifest.xml:40:5-91
47-->[com.onesignal:OneSignal:4.8.6] AndroidManifest.xml:40:22-88
48    <uses-permission android:name="com.huawei.android.launcher.permission.READ_SETTINGS" />
48-->[com.onesignal:OneSignal:4.8.6] AndroidManifest.xml:41:5-92
48-->[com.onesignal:OneSignal:4.8.6] AndroidManifest.xml:41:22-89
49    <uses-permission android:name="com.huawei.android.launcher.permission.WRITE_SETTINGS" /> <!-- ZUK -->
49-->[com.onesignal:OneSignal:4.8.6] AndroidManifest.xml:42:5-93
49-->[com.onesignal:OneSignal:4.8.6] AndroidManifest.xml:42:22-90
50    <uses-permission android:name="android.permission.READ_APP_BADGE" /> <!-- OPPO -->
50-->[com.onesignal:OneSignal:4.8.6] AndroidManifest.xml:43:5-73
50-->[com.onesignal:OneSignal:4.8.6] AndroidManifest.xml:43:22-70
51    <uses-permission android:name="com.oppo.launcher.permission.READ_SETTINGS" />
51-->[com.onesignal:OneSignal:4.8.6] AndroidManifest.xml:44:5-82
51-->[com.onesignal:OneSignal:4.8.6] AndroidManifest.xml:44:22-79
52    <uses-permission android:name="com.oppo.launcher.permission.WRITE_SETTINGS" /> <!-- EvMe -->
52-->[com.onesignal:OneSignal:4.8.6] AndroidManifest.xml:45:5-83
52-->[com.onesignal:OneSignal:4.8.6] AndroidManifest.xml:45:22-80
53    <uses-permission android:name="me.everything.badger.permission.BADGE_COUNT_READ" />
53-->[com.onesignal:OneSignal:4.8.6] AndroidManifest.xml:46:5-88
53-->[com.onesignal:OneSignal:4.8.6] AndroidManifest.xml:46:22-85
54    <uses-permission android:name="me.everything.badger.permission.BADGE_COUNT_WRITE" /> <!-- Permission will be merged into the manifest of the hosting app. -->
54-->[com.onesignal:OneSignal:4.8.6] AndroidManifest.xml:47:5-89
54-->[com.onesignal:OneSignal:4.8.6] AndroidManifest.xml:47:22-86
55    <!-- Is required to launch foreground extraction service for targetSdkVersion 28+. -->
56    <uses-permission android:name="android.permission.FOREGROUND_SERVICE" />
56-->[com.google.android.play:core:1.10.3] AndroidManifest.xml:13:5-77
56-->[com.google.android.play:core:1.10.3] AndroidManifest.xml:13:22-74
57
58    <application
58-->src\main\AndroidManifest.xml:17:5-77:19
59        android:name="com.bangla.keyboard.bangla.stickers.ApplicationClass"
59-->src\main\AndroidManifest.xml:18:9-41
60        android:allowBackup="true"
60-->src\main\AndroidManifest.xml:19:9-35
61        android:appComponentFactory="androidx.core.app.CoreComponentFactory"
61-->[androidx.core:core:1.8.0] AndroidManifest.xml:24:18-86
62        android:extractNativeLibs="false"
63        android:icon="@mipmap/app_icon"
63-->src\main\AndroidManifest.xml:20:9-40
64        android:label="@string/app_name"
64-->src\main\AndroidManifest.xml:21:9-41
65        android:roundIcon="@mipmap/app_icon"
65-->src\main\AndroidManifest.xml:22:9-45
66        android:supportsRtl="true"
66-->src\main\AndroidManifest.xml:23:9-35
67        android:theme="@style/Theme.BanglaKeyboard" >
67-->src\main\AndroidManifest.xml:24:9-52
68        <activity
68-->src\main\AndroidManifest.xml:26:9-28:40
69            android:name="com.bangla.keyboard.bangla.stickers.setting.SettingActivity"
69-->src\main\AndroidManifest.xml:27:13-52
70            android:exported="false" />
70-->src\main\AndroidManifest.xml:28:13-37
71        <activity
71-->src\main\AndroidManifest.xml:29:9-31:40
72            android:name="com.bangla.keyboard.bangla.stickers.ThemeActivity"
72-->src\main\AndroidManifest.xml:30:13-42
73            android:exported="false" />
73-->src\main\AndroidManifest.xml:31:13-37
74        <activity
74-->src\main\AndroidManifest.xml:32:9-34:40
75            android:name="com.bangla.keyboard.bangla.stickers.ChooseKeyboardActivity"
75-->src\main\AndroidManifest.xml:33:13-51
76            android:exported="false" />
76-->src\main\AndroidManifest.xml:34:13-37
77        <activity
77-->src\main\AndroidManifest.xml:35:9-37:40
78            android:name="com.bangla.keyboard.bangla.stickers.setting.RateUsActivity"
78-->src\main\AndroidManifest.xml:36:13-51
79            android:exported="false" />
79-->src\main\AndroidManifest.xml:37:13-37
80        <activity
80-->src\main\AndroidManifest.xml:38:9-40:40
81            android:name="com.bangla.keyboard.bangla.stickers.EnableKeyboardActivity"
81-->src\main\AndroidManifest.xml:39:13-51
82            android:exported="false" />
82-->src\main\AndroidManifest.xml:40:13-37
83        <activity
83-->src\main\AndroidManifest.xml:41:9-49:20
84            android:name="com.bangla.keyboard.bangla.stickers.SplashActivity"
84-->src\main\AndroidManifest.xml:42:13-43
85            android:exported="true" >
85-->src\main\AndroidManifest.xml:43:13-36
86            <intent-filter>
86-->src\main\AndroidManifest.xml:44:13-48:29
87                <action android:name="android.intent.action.MAIN" />
87-->src\main\AndroidManifest.xml:45:17-69
87-->src\main\AndroidManifest.xml:45:25-66
88
89                <category android:name="android.intent.category.LAUNCHER" />
89-->src\main\AndroidManifest.xml:47:17-77
89-->src\main\AndroidManifest.xml:47:27-74
90            </intent-filter>
91        </activity>
92        <activity
92-->src\main\AndroidManifest.xml:50:9-52:40
93            android:name="com.bangla.keyboard.bangla.stickers.MainActivity"
93-->src\main\AndroidManifest.xml:51:13-41
94            android:exported="false" />
94-->src\main\AndroidManifest.xml:52:13-37
95
96        <service android:name="com.bangla.keyboard.bangla.stickers.Speech" />
96-->src\main\AndroidManifest.xml:54:9-43
96-->src\main\AndroidManifest.xml:54:18-40
97        <service
97-->src\main\AndroidManifest.xml:55:9-67:19
98            android:name="com.bangla.keyboard.bangla.stickers.Keyboard"
98-->src\main\AndroidManifest.xml:56:13-37
99            android:exported="true"
99-->src\main\AndroidManifest.xml:57:13-36
100            android:label="@string/center_toolbar_title"
100-->src\main\AndroidManifest.xml:58:13-57
101            android:permission="android.permission.BIND_INPUT_METHOD" >
101-->src\main\AndroidManifest.xml:59:13-70
102            <meta-data
102-->src\main\AndroidManifest.xml:60:13-62:50
103                android:name="android.view.im"
103-->src\main\AndroidManifest.xml:61:17-47
104                android:resource="@xml/method" />
104-->src\main\AndroidManifest.xml:62:17-47
105
106            <intent-filter>
106-->src\main\AndroidManifest.xml:64:13-66:29
107                <action android:name="android.view.InputMethod" />
107-->src\main\AndroidManifest.xml:65:17-67
107-->src\main\AndroidManifest.xml:65:25-64
108            </intent-filter>
109        </service>
110
111        <provider
111-->src\main\AndroidManifest.xml:68:9-76:20
112            android:name="androidx.core.content.FileProvider"
112-->src\main\AndroidManifest.xml:69:13-62
113            android:authorities="com.bangla.keyboard.bangla.stickers.provider"
113-->src\main\AndroidManifest.xml:70:13-79
114            android:exported="false"
114-->src\main\AndroidManifest.xml:71:13-37
115            android:grantUriPermissions="true" >
115-->src\main\AndroidManifest.xml:72:13-47
116            <meta-data
116-->src\main\AndroidManifest.xml:73:13-75:54
117                android:name="android.support.FILE_PROVIDER_PATHS"
117-->src\main\AndroidManifest.xml:74:17-67
118                android:resource="@xml/file_paths" />
118-->src\main\AndroidManifest.xml:75:17-51
119        </provider>
120
121        <receiver
121-->[com.onesignal:OneSignal:4.8.6] AndroidManifest.xml:50:9-61:20
122            android:name="com.onesignal.FCMBroadcastReceiver"
122-->[com.onesignal:OneSignal:4.8.6] AndroidManifest.xml:51:13-62
123            android:exported="true"
123-->[com.onesignal:OneSignal:4.8.6] AndroidManifest.xml:52:13-36
124            android:permission="com.google.android.c2dm.permission.SEND" >
124-->[com.onesignal:OneSignal:4.8.6] AndroidManifest.xml:53:13-73
125
126            <!-- High priority so OneSignal payloads can be filtered from other FCM receivers -->
127            <intent-filter android:priority="999" >
127-->[com.onesignal:OneSignal:4.8.6] AndroidManifest.xml:56:13-60:29
127-->[com.onesignal:OneSignal:4.8.6] AndroidManifest.xml:56:28-50
128                <action android:name="com.google.android.c2dm.intent.RECEIVE" />
128-->[com.onesignal:OneSignal:4.8.6] AndroidManifest.xml:57:17-81
128-->[com.onesignal:OneSignal:4.8.6] AndroidManifest.xml:57:25-78
129
130                <category android:name="com.bangla.keyboard.bangla.stickers" />
130-->[com.onesignal:OneSignal:4.8.6] AndroidManifest.xml:59:17-61
130-->[com.onesignal:OneSignal:4.8.6] AndroidManifest.xml:59:27-58
131            </intent-filter>
132        </receiver>
133
134        <service
134-->[com.onesignal:OneSignal:4.8.6] AndroidManifest.xml:63:9-69:19
135            android:name="com.onesignal.HmsMessageServiceOneSignal"
135-->[com.onesignal:OneSignal:4.8.6] AndroidManifest.xml:64:13-68
136            android:exported="false" >
136-->[com.onesignal:OneSignal:4.8.6] AndroidManifest.xml:65:13-37
137            <intent-filter>
137-->[com.onesignal:OneSignal:4.8.6] AndroidManifest.xml:66:13-68:29
138                <action android:name="com.huawei.push.action.MESSAGING_EVENT" />
138-->[com.onesignal:OneSignal:4.8.6] AndroidManifest.xml:67:17-81
138-->[com.onesignal:OneSignal:4.8.6] AndroidManifest.xml:67:25-78
139            </intent-filter>
140        </service>
141
142        <activity
142-->[com.onesignal:OneSignal:4.8.6] AndroidManifest.xml:71:9-79:20
143            android:name="com.onesignal.NotificationOpenedActivityHMS"
143-->[com.onesignal:OneSignal:4.8.6] AndroidManifest.xml:72:13-71
144            android:exported="true"
144-->[com.onesignal:OneSignal:4.8.6] AndroidManifest.xml:73:13-36
145            android:noHistory="true"
145-->[com.onesignal:OneSignal:4.8.6] AndroidManifest.xml:74:13-37
146            android:theme="@android:style/Theme.Translucent.NoTitleBar" >
146-->[com.onesignal:OneSignal:4.8.6] AndroidManifest.xml:75:13-72
147            <intent-filter>
147-->[com.onesignal:OneSignal:4.8.6] AndroidManifest.xml:76:13-78:29
148                <action android:name="android.intent.action.VIEW" />
148-->[com.onesignal:OneSignal:4.8.6] AndroidManifest.xml:77:17-69
148-->[com.onesignal:OneSignal:4.8.6] AndroidManifest.xml:77:25-66
149            </intent-filter>
150        </activity>
151
152        <service
152-->[com.onesignal:OneSignal:4.8.6] AndroidManifest.xml:81:9-83:40
153            android:name="com.onesignal.FCMIntentService"
153-->[com.onesignal:OneSignal:4.8.6] AndroidManifest.xml:82:13-58
154            android:exported="false" />
154-->[com.onesignal:OneSignal:4.8.6] AndroidManifest.xml:83:13-37
155        <service
155-->[com.onesignal:OneSignal:4.8.6] AndroidManifest.xml:84:9-87:72
156            android:name="com.onesignal.FCMIntentJobService"
156-->[com.onesignal:OneSignal:4.8.6] AndroidManifest.xml:85:13-61
157            android:exported="false"
157-->[com.onesignal:OneSignal:4.8.6] AndroidManifest.xml:86:13-37
158            android:permission="android.permission.BIND_JOB_SERVICE" />
158-->[com.onesignal:OneSignal:4.8.6] AndroidManifest.xml:87:13-69
159        <service
159-->[com.onesignal:OneSignal:4.8.6] AndroidManifest.xml:88:9-91:43
160            android:name="com.onesignal.SyncService"
160-->[com.onesignal:OneSignal:4.8.6] AndroidManifest.xml:89:13-53
161            android:exported="false"
161-->[com.onesignal:OneSignal:4.8.6] AndroidManifest.xml:90:13-37
162            android:stopWithTask="true" />
162-->[com.onesignal:OneSignal:4.8.6] AndroidManifest.xml:91:13-40
163        <service
163-->[com.onesignal:OneSignal:4.8.6] AndroidManifest.xml:92:9-95:72
164            android:name="com.onesignal.SyncJobService"
164-->[com.onesignal:OneSignal:4.8.6] AndroidManifest.xml:93:13-56
165            android:exported="false"
165-->[com.onesignal:OneSignal:4.8.6] AndroidManifest.xml:94:13-37
166            android:permission="android.permission.BIND_JOB_SERVICE" />
166-->[com.onesignal:OneSignal:4.8.6] AndroidManifest.xml:95:13-69
167
168        <activity
168-->[com.onesignal:OneSignal:4.8.6] AndroidManifest.xml:97:9-100:75
169            android:name="com.onesignal.PermissionsActivity"
169-->[com.onesignal:OneSignal:4.8.6] AndroidManifest.xml:98:13-61
170            android:exported="false"
170-->[com.onesignal:OneSignal:4.8.6] AndroidManifest.xml:99:13-37
171            android:theme="@android:style/Theme.Translucent.NoTitleBar" />
171-->[com.onesignal:OneSignal:4.8.6] AndroidManifest.xml:100:13-72
172
173        <receiver
173-->[com.onesignal:OneSignal:4.8.6] AndroidManifest.xml:102:9-104:39
174            android:name="com.onesignal.NotificationDismissReceiver"
174-->[com.onesignal:OneSignal:4.8.6] AndroidManifest.xml:103:13-69
175            android:exported="true" />
175-->[com.onesignal:OneSignal:4.8.6] AndroidManifest.xml:104:13-36
176        <receiver
176-->[com.onesignal:OneSignal:4.8.6] AndroidManifest.xml:105:9-112:20
177            android:name="com.onesignal.BootUpReceiver"
177-->[com.onesignal:OneSignal:4.8.6] AndroidManifest.xml:106:13-56
178            android:exported="true" >
178-->[com.onesignal:OneSignal:4.8.6] AndroidManifest.xml:107:13-36
179            <intent-filter>
179-->[com.onesignal:OneSignal:4.8.6] AndroidManifest.xml:108:13-111:29
180                <action android:name="android.intent.action.BOOT_COMPLETED" />
180-->[com.onesignal:OneSignal:4.8.6] AndroidManifest.xml:109:17-79
180-->[com.onesignal:OneSignal:4.8.6] AndroidManifest.xml:109:25-76
181                <action android:name="android.intent.action.QUICKBOOT_POWERON" />
181-->[com.onesignal:OneSignal:4.8.6] AndroidManifest.xml:110:17-82
181-->[com.onesignal:OneSignal:4.8.6] AndroidManifest.xml:110:25-79
182            </intent-filter>
183        </receiver>
184        <receiver
184-->[com.onesignal:OneSignal:4.8.6] AndroidManifest.xml:113:9-119:20
185            android:name="com.onesignal.UpgradeReceiver"
185-->[com.onesignal:OneSignal:4.8.6] AndroidManifest.xml:114:13-57
186            android:exported="true" >
186-->[com.onesignal:OneSignal:4.8.6] AndroidManifest.xml:115:13-36
187            <intent-filter>
187-->[com.onesignal:OneSignal:4.8.6] AndroidManifest.xml:116:13-118:29
188                <action android:name="android.intent.action.MY_PACKAGE_REPLACED" />
188-->[com.onesignal:OneSignal:4.8.6] AndroidManifest.xml:117:17-84
188-->[com.onesignal:OneSignal:4.8.6] AndroidManifest.xml:117:25-81
189            </intent-filter>
190        </receiver>
191
192        <activity
192-->[com.onesignal:OneSignal:4.8.6] AndroidManifest.xml:121:9-127:75
193            android:name="com.onesignal.NotificationOpenedReceiver"
193-->[com.onesignal:OneSignal:4.8.6] AndroidManifest.xml:122:13-68
194            android:excludeFromRecents="true"
194-->[com.onesignal:OneSignal:4.8.6] AndroidManifest.xml:123:13-46
195            android:exported="true"
195-->[com.onesignal:OneSignal:4.8.6] AndroidManifest.xml:124:13-36
196            android:noHistory="true"
196-->[com.onesignal:OneSignal:4.8.6] AndroidManifest.xml:125:13-37
197            android:taskAffinity=""
197-->[com.onesignal:OneSignal:4.8.6] AndroidManifest.xml:126:13-36
198            android:theme="@android:style/Theme.Translucent.NoTitleBar" />
198-->[com.onesignal:OneSignal:4.8.6] AndroidManifest.xml:127:13-72
199        <activity
199-->[com.onesignal:OneSignal:4.8.6] AndroidManifest.xml:128:9-133:75
200            android:name="com.onesignal.NotificationOpenedReceiverAndroid22AndOlder"
200-->[com.onesignal:OneSignal:4.8.6] AndroidManifest.xml:129:13-85
201            android:excludeFromRecents="true"
201-->[com.onesignal:OneSignal:4.8.6] AndroidManifest.xml:130:13-46
202            android:exported="true"
202-->[com.onesignal:OneSignal:4.8.6] AndroidManifest.xml:131:13-36
203            android:noHistory="true"
203-->[com.onesignal:OneSignal:4.8.6] AndroidManifest.xml:132:13-37
204            android:theme="@android:style/Theme.Translucent.NoTitleBar" />
204-->[com.onesignal:OneSignal:4.8.6] AndroidManifest.xml:133:13-72
205        <activity
205-->[com.google.android.gms:play-services-base:17.6.0] AndroidManifest.xml:23:9-26:75
206            android:name="com.google.android.gms.common.api.GoogleApiActivity"
206-->[com.google.android.gms:play-services-base:17.6.0] AndroidManifest.xml:24:13-79
207            android:exported="false"
207-->[com.google.android.gms:play-services-base:17.6.0] AndroidManifest.xml:25:13-37
208            android:theme="@android:style/Theme.Translucent.NoTitleBar" />
208-->[com.google.android.gms:play-services-base:17.6.0] AndroidManifest.xml:26:13-72
209
210        <receiver
210-->[com.google.firebase:firebase-messaging:23.0.0] AndroidManifest.xml:28:9-35:20
211            android:name="com.google.firebase.iid.FirebaseInstanceIdReceiver"
211-->[com.google.firebase:firebase-messaging:23.0.0] AndroidManifest.xml:29:13-78
212            android:exported="true"
212-->[com.google.firebase:firebase-messaging:23.0.0] AndroidManifest.xml:30:13-36
213            android:permission="com.google.android.c2dm.permission.SEND" >
213-->[com.google.firebase:firebase-messaging:23.0.0] AndroidManifest.xml:31:13-73
214            <intent-filter>
214-->[com.google.firebase:firebase-messaging:23.0.0] AndroidManifest.xml:32:13-34:29
215                <action android:name="com.google.android.c2dm.intent.RECEIVE" />
215-->[com.onesignal:OneSignal:4.8.6] AndroidManifest.xml:57:17-81
215-->[com.onesignal:OneSignal:4.8.6] AndroidManifest.xml:57:25-78
216            </intent-filter>
217        </receiver>
218        <!--
219             FirebaseMessagingService performs security checks at runtime,
220             but set to not exported to explicitly avoid allowing another app to call it.
221        -->
222        <service
222-->[com.google.firebase:firebase-messaging:23.0.0] AndroidManifest.xml:41:9-48:19
223            android:name="com.google.firebase.messaging.FirebaseMessagingService"
223-->[com.google.firebase:firebase-messaging:23.0.0] AndroidManifest.xml:42:13-82
224            android:directBootAware="true"
224-->[com.google.firebase:firebase-messaging:23.0.0] AndroidManifest.xml:43:13-43
225            android:exported="false" >
225-->[com.google.firebase:firebase-messaging:23.0.0] AndroidManifest.xml:44:13-37
226            <intent-filter android:priority="-500" >
226-->[com.google.firebase:firebase-messaging:23.0.0] AndroidManifest.xml:45:13-47:29
226-->[com.google.firebase:firebase-messaging:23.0.0] AndroidManifest.xml:45:28-51
227                <action android:name="com.google.firebase.MESSAGING_EVENT" />
227-->[com.google.firebase:firebase-messaging:23.0.0] AndroidManifest.xml:46:17-78
227-->[com.google.firebase:firebase-messaging:23.0.0] AndroidManifest.xml:46:25-75
228            </intent-filter>
229        </service>
230        <service
230-->[com.google.firebase:firebase-messaging:23.0.0] AndroidManifest.xml:49:9-55:19
231            android:name="com.google.firebase.components.ComponentDiscoveryService"
231-->[com.google.firebase:firebase-messaging:23.0.0] AndroidManifest.xml:50:13-84
232            android:directBootAware="true"
232-->[com.google.firebase:firebase-common:20.0.0] AndroidManifest.xml:35:13-43
233            android:exported="false" >
233-->[com.google.firebase:firebase-messaging:23.0.0] AndroidManifest.xml:51:13-37
234            <meta-data
234-->[com.google.firebase:firebase-messaging:23.0.0] AndroidManifest.xml:52:13-54:85
235                android:name="com.google.firebase.components:com.google.firebase.messaging.FirebaseMessagingRegistrar"
235-->[com.google.firebase:firebase-messaging:23.0.0] AndroidManifest.xml:53:17-119
236                android:value="com.google.firebase.components.ComponentRegistrar" />
236-->[com.google.firebase:firebase-messaging:23.0.0] AndroidManifest.xml:54:17-82
237            <meta-data
237-->[com.google.firebase:firebase-datatransport:18.0.0] AndroidManifest.xml:28:13-30:85
238                android:name="com.google.firebase.components:com.google.firebase.datatransport.TransportRegistrar"
238-->[com.google.firebase:firebase-datatransport:18.0.0] AndroidManifest.xml:29:17-115
239                android:value="com.google.firebase.components.ComponentRegistrar" />
239-->[com.google.firebase:firebase-datatransport:18.0.0] AndroidManifest.xml:30:17-82
240            <meta-data
240-->[com.google.firebase:firebase-installations:17.0.0] AndroidManifest.xml:18:13-20:85
241                android:name="com.google.firebase.components:com.google.firebase.installations.FirebaseInstallationsRegistrar"
241-->[com.google.firebase:firebase-installations:17.0.0] AndroidManifest.xml:19:17-127
242                android:value="com.google.firebase.components.ComponentRegistrar" />
242-->[com.google.firebase:firebase-installations:17.0.0] AndroidManifest.xml:20:17-82
243        </service>
244
245        <provider
245-->[com.google.firebase:firebase-common:20.0.0] AndroidManifest.xml:26:9-31:39
246            android:name="com.google.firebase.provider.FirebaseInitProvider"
246-->[com.google.firebase:firebase-common:20.0.0] AndroidManifest.xml:27:13-77
247            android:authorities="com.bangla.keyboard.bangla.stickers.firebaseinitprovider"
247-->[com.google.firebase:firebase-common:20.0.0] AndroidManifest.xml:28:13-72
248            android:directBootAware="true"
248-->[com.google.firebase:firebase-common:20.0.0] AndroidManifest.xml:29:13-43
249            android:exported="false"
249-->[com.google.firebase:firebase-common:20.0.0] AndroidManifest.xml:30:13-37
250            android:initOrder="100" />
250-->[com.google.firebase:firebase-common:20.0.0] AndroidManifest.xml:31:13-36
251
252        <meta-data
252-->[com.google.android.gms:play-services-basement:17.6.0] AndroidManifest.xml:23:9-25:69
253            android:name="com.google.android.gms.version"
253-->[com.google.android.gms:play-services-basement:17.6.0] AndroidManifest.xml:24:13-58
254            android:value="@integer/google_play_services_version" />
254-->[com.google.android.gms:play-services-basement:17.6.0] AndroidManifest.xml:25:13-66
255
256        <uses-library
256-->[androidx.window:window:1.0.0] AndroidManifest.xml:25:9-27:40
257            android:name="androidx.window.extensions"
257-->[androidx.window:window:1.0.0] AndroidManifest.xml:26:13-54
258            android:required="false" />
258-->[androidx.window:window:1.0.0] AndroidManifest.xml:27:13-37
259        <uses-library
259-->[androidx.window:window:1.0.0] AndroidManifest.xml:28:9-30:40
260            android:name="androidx.window.sidecar"
260-->[androidx.window:window:1.0.0] AndroidManifest.xml:29:13-51
261            android:required="false" />
261-->[androidx.window:window:1.0.0] AndroidManifest.xml:30:13-37
262
263        <activity
263-->[com.nabinbhandari.android:permissions:3.8] AndroidManifest.xml:12:9-14:67
264            android:name="com.nabinbhandari.android.permissions.PermissionsActivity"
264-->[com.nabinbhandari.android:permissions:3.8] AndroidManifest.xml:13:13-85
265            android:theme="@style/Permissions.TransparentTheme" /> <!-- The activities will be merged into the manifest of the hosting app. -->
265-->[com.nabinbhandari.android:permissions:3.8] AndroidManifest.xml:14:13-64
266        <activity
266-->[com.google.android.play:core:1.10.3] AndroidManifest.xml:18:9-24:45
267            android:name="com.google.android.play.core.missingsplits.PlayCoreMissingSplitsActivity"
267-->[com.google.android.play:core:1.10.3] AndroidManifest.xml:19:13-100
268            android:enabled="false"
268-->[com.google.android.play:core:1.10.3] AndroidManifest.xml:20:13-36
269            android:exported="false"
269-->[com.google.android.play:core:1.10.3] AndroidManifest.xml:21:13-37
270            android:launchMode="singleInstance"
270-->[com.google.android.play:core:1.10.3] AndroidManifest.xml:22:13-48
271            android:process=":playcore_missing_splits_activity"
271-->[com.google.android.play:core:1.10.3] AndroidManifest.xml:23:13-64
272            android:stateNotNeeded="true" />
272-->[com.google.android.play:core:1.10.3] AndroidManifest.xml:24:13-42
273        <activity
273-->[com.google.android.play:core:1.10.3] AndroidManifest.xml:25:9-29:65
274            android:name="com.google.android.play.core.common.PlayCoreDialogWrapperActivity"
274-->[com.google.android.play:core:1.10.3] AndroidManifest.xml:26:13-93
275            android:exported="false"
275-->[com.google.android.play:core:1.10.3] AndroidManifest.xml:27:13-37
276            android:stateNotNeeded="true"